Containers:
  [+] MainContainer:
   |            ID: 0x0000000000000000
   |        Bounds: IsValid=false, Min=(X=0.000 Y=0.000 Z=0.000), Max=(X=0.000 Y=0.000 Z=0.000)
   |     Transform: 0.000000,0.000000,0.000000|0.000000,0.000000,-0.000000|1.000000,1.000000,1.000000
   |     Container: /Game/TopDown/Maps/TopDownMap
   |  ActorDescs:
   |      - Guid:147C8D134B12D635012D5F8C57D2C96F Class:PostProcessVolume Name:PostProcessVolume_1 SpatiallyLoaded:false Bounds:IsValid=true, Min=(X=0.000 Y=0.000 Z=400.000), Max=(X=200.000 Y=200.000 Z=600.000) RuntimeGrid:None EditorOnly:false LevelBoundsRelevant:false HLODRelevant:false FolderPath:Lighting FolderGuid:4C9334684BA61B42C769F799D2576455 Parent:00000000000000000000000000000000
   |      - Guid:1742DF43475F097453197AA79C7473D9 Class:SkyLight Name:SkyLight_1 SpatiallyLoaded:false Bounds:IsValid=true, Min=(X=0.000 Y=0.000 Z=690.000), Max=(X=0.000 Y=0.000 Z=690.000) RuntimeGrid:None EditorOnly:false LevelBoundsRelevant:false HLODRelevant:false FolderPath:Lighting FolderGuid:4C9334684BA61B42C769F799D2576455 Parent:00000000000000000000000000000000
   |      - Guid:1FEC8FAC495CEF0CE32492ADCBB96BAE Class:NavLinkProxy Name:NavLinkProxy_3 SpatiallyLoaded:true Bounds:IsValid=true, Min=(X=2240.000 Y=1030.000 Z=90.000), Max=(X=2240.000 Y=1030.000 Z=90.000) RuntimeGrid:None EditorOnly:false LevelBoundsRelevant:true HLODRelevant:false FolderPath:Navigation FolderGuid:AE45D61F453CC144CF8289862C276E89 Parent:00000000000000000000000000000000
   |      - Guid:2169CB5C470E0E674279BA96829753DD Class:StaticMeshActor Name:StaticMeshActor_17 SpatiallyLoaded:true Bounds:IsValid=true, Min=(X=0.000 Y=0.000 Z=-50.000), Max=(X=3000.000 Y=3500.000 Z=0.000) RuntimeGrid:None EditorOnly:false LevelBoundsRelevant:true HLODRelevant:true FolderPath:Playground FolderGuid:9FE5E8B349AF71F05F2688921F3F2AC5 Parent:00000000000000000000000000000000
   |      - Guid:2DF0D95440BE0EDA81652F860DC7268E Class:WorldDataLayers Name:WorldDataLayers SpatiallyLoaded:false Bounds:IsValid=true, Min=(X=0.000 Y=0.000 Z=0.000), Max=(X=0.000 Y=0.000 Z=0.000) RuntimeGrid:None EditorOnly:false LevelBoundsRelevant:false HLODRelevant:false FolderPath:None FolderGuid:00000000000000000000000000000000 Parent:00000000000000000000000000000000
   |      - Guid:6252C7D64ACF162A73EE65B11FE214D1 Class:SkyAtmosphere Name:SkyAtmosphere_1 SpatiallyLoaded:false Bounds:IsValid=true, Min=(X=0.000 Y=0.000 Z=1020.000), Max=(X=0.000 Y=0.000 Z=1020.000) RuntimeGrid:None EditorOnly:false LevelBoundsRelevant:false HLODRelevant:false FolderPath:Lighting FolderGuid:4C9334684BA61B42C769F799D2576455 Parent:00000000000000000000000000000000
   |      - Guid:66BCBF874D2A22ADC6523B95EE812CA3 Class:StaticMeshActor Name:StaticMeshActor_UAID_A4AE111137DC5CFB00_1660657071 SpatiallyLoaded:true Bounds:IsValid=true, Min=(X=-1638400.000 Y=-1638400.000 Z=-1638400.000), Max=(X=1638400.000 Y=1638400.000 Z=1638400.000) RuntimeGrid:None EditorOnly:false LevelBoundsRelevant:true HLODRelevant:true FolderPath:Lighting FolderGuid:4C9334684BA61B42C769F799D2576455 Parent:00000000000000000000000000000000
   |      - Guid:77F893B3468595EE782136AD620D7EF4 Class:VolumetricCloud Name:VolumetricCloud_0 SpatiallyLoaded:false Bounds:IsValid=true, Min=(X=0.000 Y=0.000 Z=820.000), Max=(X=0.000 Y=0.000 Z=820.000) RuntimeGrid:None EditorOnly:false LevelBoundsRelevant:false HLODRelevant:false FolderPath:Lighting FolderGuid:4C9334684BA61B42C769F799D2576455 Parent:00000000000000000000000000000000
   |      - Guid:97A38C34424219CB39DBBDB4D82FEC32 Class:StaticMeshActor Name:StaticMeshActor_UAID_E0D55E7EB40E7C3701_2060286064 SpatiallyLoaded:true Bounds:IsValid=true, Min=(X=3000.000 Y=0.000 Z=-50.000), Max=(X=6000.000 Y=3500.000 Z=0.000) RuntimeGrid:None EditorOnly:false LevelBoundsRelevant:true HLODRelevant:true FolderPath:Playground FolderGuid:9FE5E8B349AF71F05F2688921F3F2AC5 Parent:00000000000000000000000000000000
   |      - Guid:AECEEEE741E6DE68F6843FA49564A956 Class:DirectionalLight Name:DirectionalLight_1 SpatiallyLoaded:false Bounds:IsValid=true, Min=(X=-1048576.000 Y=-1048576.000 Z=-1048576.000), Max=(X=1048576.000 Y=1048576.000 Z=1048576.000) RuntimeGrid:None EditorOnly:false LevelBoundsRelevant:false HLODRelevant:false FolderPath:Lighting FolderGuid:4C9334684BA61B42C769F799D2576455 Parent:00000000000000000000000000000000
   |      - Guid:CCDD89584E0A9025F52AEDA51D60CA54 Class:NavMeshBoundsVolume Name:NavMeshBoundsVolume_1 SpatiallyLoaded:false Bounds:IsValid=true, Min=(X=-100.000 Y=-100.000 Z=-110.000), Max=(X=3100.000 Y=3600.000 Z=390.000) RuntimeGrid:None EditorOnly:false LevelBoundsRelevant:false HLODRelevant:false FolderPath:Navigation FolderGuid:AE45D61F453CC144CF8289862C276E89 Parent:00000000000000000000000000000000
   |      - Guid:D24D61B944EF71BE7BC469B7EB239299 Class:ExponentialHeightFog Name:ExponentialHeightFog_1 SpatiallyLoaded:false Bounds:IsValid=true, Min=(X=-5600.000 Y=-50.000 Z=-6850.000), Max=(X=-5600.000 Y=-50.000 Z=-6850.000) RuntimeGrid:None EditorOnly:false LevelBoundsRelevant:false HLODRelevant:false FolderPath:Lighting FolderGuid:4C9334684BA61B42C769F799D2576455 Parent:00000000000000000000000000000000
   |      - Guid:DBD4CE834FA1FF1DAD124FB368135203 Class:StaticMeshActor Name:StaticMeshActor_UAID_E0D55E7EB40E7C3701_1508497063 SpatiallyLoaded:true Bounds:IsValid=true, Min=(X=0.000 Y=3500.000 Z=-50.000), Max=(X=3000.000 Y=7000.000 Z=0.000) RuntimeGrid:None EditorOnly:false LevelBoundsRelevant:true HLODRelevant:true FolderPath:Playground FolderGuid:9FE5E8B349AF71F05F2688921F3F2AC5 Parent:00000000000000000000000000000000
   |      - Guid:ED702DEB4F4A6D94A5DB4F9C337C2079 Class:TextRenderActor Name:TextRenderActor_0 SpatiallyLoaded:true Bounds:IsValid=true, Min=(X=-0.100 Y=1100.000 Z=65.013), Max=(X=-0.100 Y=2225.000 Z=215.013) RuntimeGrid:None EditorOnly:false LevelBoundsRelevant:true HLODRelevant:false FolderPath:None FolderGuid:00000000000000000000000000000000 Parent:00000000000000000000000000000000
   |      - Guid:F10EC21649842DF111E36EA91ED01361 Class:StaticMeshActor Name:StaticMeshActor_UAID_E0D55E7EB40E7C3701_2112393065 SpatiallyLoaded:true Bounds:IsValid=true, Min=(X=3000.000 Y=3500.000 Z=-50.000), Max=(X=6000.000 Y=7000.000 Z=0.000) RuntimeGrid:None EditorOnly:false LevelBoundsRelevant:true HLODRelevant:true FolderPath:Playground FolderGuid:9FE5E8B349AF71F05F2688921F3F2AC5 Parent:00000000000000000000000000000000
   |      - Guid:F33CC5014C49925B3A9D52A063AF483F Class:PlayerStart Name:PlayerStart_0 SpatiallyLoaded:false Bounds:IsValid=true, Min=(X=960.000 Y=1770.000 Z=0.013), Max=(X=1040.000 Y=1850.000 Z=184.013) RuntimeGrid:None EditorOnly:false LevelBoundsRelevant:true HLODRelevant:false FolderPath:None FolderGuid:00000000000000000000000000000000 Parent:00000000000000000000000000000000
